#
# There is insufficient memory for the Java Runtime Environment to continue.
# Native memory allocation (mmap) failed to map 268435456 bytes for G1 virtual space
# Possible reasons:
#   The system is out of physical RAM or swap space
#   The process is running with CompressedOops enabled, and the Java Heap may be blocking the growth of the native heap
# Possible solutions:
#   Reduce memory load on the system
#   Increase physical memory or swap space
#   Check if swap backing store is full
#   Decrease Java heap size (-Xmx/-Xms)
#   Decrease number of Java threads
#   Decrease Java thread stack sizes (-Xss)
#   Set larger code cache with -XX:ReservedCodeCacheSize=
#   JVM is running with Zero Based Compressed Oops mode in which the Java heap is
#     placed in the first 32GB address space. The Java Heap base address is the
#     maximum limit for the native heap growth. Please use -XX:HeapBaseMinAddress
#     to set the Java Heap base and to place the Java Heap above 32GB virtual address.
# This output file may be truncated or incomplete.
#
#  Out of Memory Error (os_windows.cpp:3541), pid=30664, tid=2008
#
# JRE version:  (17.0.5+9) (build )
# Java VM: Java HotSpot(TM) 64-Bit Server VM (17.0.5+9-LTS-191, mixed mode, emulated-client, sharing, tiered, compressed oops, compressed class ptrs, g1 gc, windows-amd64)
# No core dump will be written. Minidumps are not enabled by default on client versions of Windows
#

---------------  S U M M A R Y ------------

Command Line: -XX:TieredStopAtLevel=1 -Dspring.output.ansi.enabled=always -Dcom.sun.management.jmxremote -Dspring.jmx.enabled=true -Dspring.liveBeansView.mbeanDomain -Dspring.application.admin.enabled=true -javaagent:C:\Program Files\JetBrains\IntelliJ IDEA 2022.2.1\lib\idea_rt.jar=10574:C:\Program Files\JetBrains\IntelliJ IDEA 2022.2.1\bin -Dfile.encoding=UTF-8 com.auth.study.StudyApplication

Host: AMD Ryzen 9 5900X 12-Core Processor            , 24 cores, 15G,  Windows 11 , 64 bit Build 22621 (10.0.22621.2215)
Time: Thu Oct  5 14:24:12 2023  Windows 11 , 64 bit Build 22621 (10.0.22621.2215) elapsed time: 0.007442 seconds (0d 0h 0m 0s)

---------------  T H R E A D  ---------------

Current thread (0x000001943d2d57d0):  JavaThread "Unknown thread" [_thread_in_vm, id=2008, stack(0x0000003011a00000,0x0000003011b00000)]

Stack: [0x0000003011a00000,0x0000003011b00000]
Native frames: (J=compiled Java code, j=interpreted, Vv=VM code, C=native code)
V  [jvm.dll+0x672eea]
V  [jvm.dll+0x7d2a04]
V  [jvm.dll+0x7d41ae]
V  [jvm.dll+0x7d4813]
V  [jvm.dll+0x242c15]
V  [jvm.dll+0x66fe09]
V  [jvm.dll+0x664682]
V  [jvm.dll+0x300e8b]
V  [jvm.dll+0x308426]
V  [jvm.dll+0x357ffe]
V  [jvm.dll+0x35822f]
V  [jvm.dll+0x2d80a8]
V  [jvm.dll+0x2d9014]
V  [jvm.dll+0x7a44e1]
V  [jvm.dll+0x365df1]
V  [jvm.dll+0x7838fc]
V  [jvm.dll+0x3e873f]
V  [jvm.dll+0x3ea1e1]
C  [jli.dll+0x527b]
C  [ucrtbase.dll+0x29363]
C  [KERNEL32.DLL+0x1257d]
C  [ntdll.dll+0x5aa68]


---------------  P R O C E S S  ---------------

Threads class SMR info:
_java_thread_list=0x00007ffd20b4a8d8, length=0, elements={
}

Java Threads: ( => current thread )

Other Threads:
  0x000001943d346440 GCTaskThread "GC Thread#0" [stack: 0x0000003011b00000,0x0000003011c00000] [id=30320]
  0x000001943d2f31b0 ConcurrentGCThread "G1 Main Marker" [stack: 0x0000003011c00000,0x0000003011d00000] [id=11048]
  0x000001943d358f70 ConcurrentGCThread "G1 Conc#0" [stack: 0x0000003011d00000,0x0000003011e00000] [id=29016]

[error occurred during error reporting (printing all threads), id 0xc0000005, EXCEPTION_ACCESS_VIOLATION (0xc0000005) at pc=0x00007ffd20398a97]

VM state: not at safepoint (not fully initialized)

VM Mutex/Monitor currently owned by a thread:  ([mutex/lock_event])
[0x000001943d2d0d00] Heap_lock - owner thread: 0x000001943d2d57d0

Heap address: 0x0000000701c00000, size: 4068 MB, Compressed Oops mode: Zero based, Oop shift amount: 3

CDS archive(s) mapped at: [0x0000000000000000-0x0000000000000000-0x0000000000000000), size 0, SharedBaseAddress: 0x0000000800000000, ArchiveRelocationMode: 0.
Narrow klass base: 0x0000000000000000, Narrow klass shift: 0, Narrow klass range: 0x0

GC Precious Log:
<Empty>

Heap:
 garbage-first heap   total 0K, used 0K [0x0000000701c00000, 0x0000000800000000)
  region size 2048K, 0 young (0K), 0 survivors (0K)

[error occurred during error reporting (printing heap information), id 0xc0000005, EXCEPTION_ACCESS_VIOLATION (0xc0000005) at pc=0x00007ffd2077c399]

GC Heap History (0 events):
No events

Deoptimization events (0 events):
No events

Classes unloaded (0 events):
No events

Classes redefined (0 events):
No events

Internal exceptions (0 events):
No events

VM Operations (0 events):
No events

Events (1 events):
Event: 0.005 Loaded shared library C:\Program Files\Java\jdk-17.0.5\bin\java.dll


Dynamic libraries:
0x00007ff77bff0000 - 0x00007ff77c000000 	C:\Program Files\Java\jdk-17.0.5\bin\java.exe
0x00007ffd7dfd0000 - 0x00007ffd7e1e4000 	C:\WINDOWS\SYSTEM32\ntdll.dll
0x00007ffd7ca90000 - 0x00007ffd7cb54000 	C:\WINDOWS\System32\KERNEL32.DLL
0x00007ffd7b4f0000 - 0x00007ffd7b894000 	C:\WINDOWS\System32\KERNELBASE.dll
0x00007ffd7bbd0000 - 0x00007ffd7bce1000 	C:\WINDOWS\System32\ucrtbase.dll
0x00007ffd68500000 - 0x00007ffd6851a000 	C:\Program Files\Java\jdk-17.0.5\bin\VCRUNTIME140.dll
0x00007ffd68540000 - 0x00007ffd68558000 	C:\Program Files\Java\jdk-17.0.5\bin\jli.dll
0x00007ffd7c2f0000 - 0x00007ffd7c3a0000 	C:\WINDOWS\System32\ADVAPI32.dll
0x00007ffd7c040000 - 0x00007ffd7c0e7000 	C:\WINDOWS\System32\msvcrt.dll
0x00007ffd7c0f0000 - 0x00007ffd7c196000 	C:\WINDOWS\System32\sechost.dll
0x00007ffd7be60000 - 0x00007ffd7bf77000 	C:\WINDOWS\System32\RPCRT4.dll
0x00007ffd7c3c0000 - 0x00007ffd7c56e000 	C:\WINDOWS\System32\USER32.dll
0x00007ffd68c80000 - 0x00007ffd68f13000 	C:\WINDOWS\WinSxS\amd64_microsoft.windows.common-controls_6595b64144ccf1df_6.0.22621.2215_none_270d72677387dfc3\COMCTL32.dll
0x00007ffd7bba0000 - 0x00007ffd7bbc6000 	C:\WINDOWS\System32\win32u.dll
0x00007ffd7cb60000 - 0x00007ffd7cb89000 	C:\WINDOWS\System32\GDI32.dll
0x00007ffd7b940000 - 0x00007ffd7ba58000 	C:\WINDOWS\System32\gdi32full.dll
0x00007ffd72150000 - 0x00007ffd7215a000 	C:\WINDOWS\SYSTEM32\VERSION.dll
0x00007ffd7b8a0000 - 0x00007ffd7b93a000 	C:\WINDOWS\System32\msvcp_win.dll
0x00007ffd7de40000 - 0x00007ffd7de71000 	C:\WINDOWS\System32\IMM32.DLL
0x00007ffd68780000 - 0x00007ffd6878c000 	C:\Program Files\Java\jdk-17.0.5\bin\vcruntime140_1.dll
0x00007ffd51db0000 - 0x00007ffd51e3d000 	C:\Program Files\Java\jdk-17.0.5\bin\msvcp140.dll
0x00007ffd200b0000 - 0x00007ffd20c72000 	C:\Program Files\Java\jdk-17.0.5\bin\server\jvm.dll
0x00007ffd7df80000 - 0x00007ffd7df88000 	C:\WINDOWS\System32\PSAPI.DLL
0x00007ffd62220000 - 0x00007ffd62229000 	C:\WINDOWS\SYSTEM32\WSOCK32.dll
0x00007ffd72610000 - 0x00007ffd72644000 	C:\WINDOWS\SYSTEM32\WINMM.dll
0x00007ffd7ddb0000 - 0x00007ffd7de21000 	C:\WINDOWS\System32\WS2_32.dll
0x00007ffd7a470000 - 0x00007ffd7a488000 	C:\WINDOWS\SYSTEM32\kernel.appcore.dll
0x00007ffd68700000 - 0x00007ffd6870a000 	C:\Program Files\Java\jdk-17.0.5\bin\jimage.dll
0x00007ffd69a60000 - 0x00007ffd69c8e000 	C:\WINDOWS\SYSTEM32\DBGHELP.DLL
0x00007ffd7cb90000 - 0x00007ffd7cf1a000 	C:\WINDOWS\System32\combase.dll
0x00007ffd7c9b0000 - 0x00007ffd7ca87000 	C:\WINDOWS\System32\OLEAUT32.dll
0x00007ffd65c30000 - 0x00007ffd65c62000 	C:\WINDOWS\SYSTEM32\dbgcore.DLL
0x00007ffd7bb20000 - 0x00007ffd7bb9a000 	C:\WINDOWS\System32\bcryptPrimitives.dll
0x00007ffd66fa0000 - 0x00007ffd66fae000 	C:\Program Files\Java\jdk-17.0.5\bin\instrument.dll
0x00007ffd68490000 - 0x00007ffd684b5000 	C:\Program Files\Java\jdk-17.0.5\bin\java.dll

dbghelp: loaded successfully - version: 4.0.5 - missing functions: none
symbol engine: initialized successfully - sym options: 0x614 - pdb path: .;C:\Program Files\Java\jdk-17.0.5\bin;C:\WINDOWS\SYSTEM32;C:\WINDOWS\WinSxS\amd64_microsoft.windows.common-controls_6595b64144ccf1df_6.0.22621.2215_none_270d72677387dfc3;C:\Program Files\Java\jdk-17.0.5\bin\server

VM Arguments:
jvm_args: -XX:TieredStopAtLevel=1 -Dspring.output.ansi.enabled=always -Dcom.sun.management.jmxremote -Dspring.jmx.enabled=true -Dspring.liveBeansView.mbeanDomain -Dspring.application.admin.enabled=true -javaagent:C:\Program Files\JetBrains\IntelliJ IDEA 2022.2.1\lib\idea_rt.jar=10574:C:\Program Files\JetBrains\IntelliJ IDEA 2022.2.1\bin -Dfile.encoding=UTF-8 
java_command: com.auth.study.StudyApplication
java_class_path (initial): C:\Users\°íµ¿¹Î\Desktop\BackEnd_study\Authentication\build\classes\java\main;C:\Users\°íµ¿¹Î\Desktop\BackEnd_study\Authentication\build\resources\main;C:\Users\°íµ¿¹Î\.gradle\caches\modules-2\files-2.1\org.projectlombok\lombok\1.18.28\a2ff5da8bcd8b1b26f36b806ced63213362c6dcc\lombok-1.18.28.jar;C:\Users\°íµ¿¹Î\.gradle\caches\modules-2\files-2.1\org.springframework.boot\spring-boot-starter-data-jpa\3.0.9\cf36fac57a594807a4fd10ab6fb8b0bedd4abf96\spring-boot-starter-data-jpa-3.0.9.jar;C:\Users\°íµ¿¹Î\.gradle\caches\modules-2\files-2.1\org.springframework.boot\spring-boot-starter-security\3.0.9\8994ba15a24d18211fda8799a6d2d682265b3131\spring-boot-starter-security-3.0.9.jar;C:\Users\°íµ¿¹Î\.gradle\caches\modules-2\files-2.1\org.springframework.boot\spring-boot-starter-web\3.0.9\d7e354417094257857ab120ded448a9ff30ba37c\spring-boot-starter-web-3.0.9.jar;C:\Users\°íµ¿¹Î\.gradle\caches\modules-2\files-2.1\org.springdoc\springdoc-openapi-starter-webmvc-ui\2.1.0\f31615e90b61d18a46a701d5c10e9e505a49a984\springdoc-openapi-starter-webmvc-ui-2.1.0.jar;C:\Users\°íµ¿¹Î\.gradle\caches\modules-2\files-2.1\org.springframework.boot\spring-boot-starter-validation\3.0.9\b485dc70a3b19d610382ae1959801c1a1f940d3c\spring-boot-starter-validation-3.0.9.jar;C:\Users\°íµ¿¹Î\.gradle\caches\modules-2\files-2.1\org.postgresql\postgresql\42.2.23\9cb217a3d5b640567ed7c6e8c11f389613c81c4d\postgresql-42.2.23.jar;C:\Users\°íµ¿¹Î\.gradle\caches\modules-2\files-2.1\io.jsonwebtoken\jjwt-api\0.11.5\f742940045619d06383e7df37b21ac422b476cf1\jjwt-api-0.11.5.jar;C:\Users\°íµ¿¹Î\.gradle\caches\modules-2\files-2.1\org.springframework.boot\spring-boot-starter-aop\3.0.9\ae2202f2ec301cdaf7f649c8908b31c8ab158f1f\spring-boot-starter-aop-3.0.9.jar;C:\Users\°íµ¿¹Î\.gradle\caches\modules-2\files-2.1\org.springframework.boot\spring-boot-starter-jdbc\3.0.9\211a3fcceb2d52856f79c1f09ca45435cb2508f\spring-boot-starter-jdbc-3.0.9.jar;C:\Users\°íµ¿¹Î\.gradle\caches\modules-2\files-2.1\org.hibernate.orm
Launcher Type: SUN_STANDARD

[Global flags]
     intx CICompilerCount                          = 12                                        {product} {ergonomic}
     uint ConcGCThreads                            = 5                                         {product} {ergonomic}
     uint G1ConcRefinementThreads                  = 18                                        {product} {ergonomic}
   size_t G1HeapRegionSize                         = 2097152                                   {product} {ergonomic}
    uintx GCDrainStackTargetSize                   = 64                                        {product} {ergonomic}
   size_t InitialHeapSize                          = 268435456                                 {product} {ergonomic}
     bool ManagementServer                         = true                                      {product} {command line}
   size_t MarkStackSize                            = 4194304                                   {product} {ergonomic}
   size_t MaxHeapSize                              = 4265607168                                {product} {ergonomic}
   size_t MinHeapDeltaBytes                        = 2097152                                   {product} {ergonomic}
   size_t MinHeapSize                              = 8388608                                   {product} {ergonomic}
    uintx NonProfiledCodeHeapSize                  = 0                                      {pd product} {ergonomic}
     bool ProfileInterpreter                       = false                                  {pd product} {command line}
    uintx ProfiledCodeHeapSize                     = 0                                      {pd product} {ergonomic}
   size_t SoftMaxHeapSize                          = 4265607168                             {manageable} {ergonomic}
     intx TieredStopAtLevel                        = 1                                         {product} {command line}
     bool UseCompressedClassPointers               = true                           {product lp64_product} {ergonomic}
     bool UseCompressedOops                        = true                           {product lp64_product} {ergonomic}
     bool UseG1GC                                  = true                                      {product} {ergonomic}
     bool UseLargePagesIndividualAllocation        = false                                  {pd product} {ergonomic}

Logging:
Log output configuration:
 #0: stdout all=warning uptime,level,tags
 #1: stderr all=off uptime,level,tags

Environment Variables:
JAVA_HOME=C:\Program Files\Java\jdk-17.0.5
PATH=C:\oraclexe\app\oracle\product\11.2.0\server\bin;C:\Users\WINDOWS.X64_193000_db_home\bin;C:\Program Files\Common Files\Oracle\Java\javapath;C:\Program Files\Java\jdk-17.0.5\bin;C:\Windows\system32;C:\Windows;C:\Windows\System32\Wbem;C:\Windows\System32\WindowsPowerShell\v1.0\;C:\Windows\System32\OpenSSH\;C:\Program Files (x86)\NVIDIA Corporation\PhysX\Common;C:\Program Files\NVIDIA Corporation\NVIDIA NvDLISR;C:\Program Files\dotnet\;C:\Program Files\Microsoft SQL Server\130\Tools\Binn\;C:\Program Files\Microsoft SQL Server\Client SDK\ODBC\170\Tools\Binn\;C:\MinGW\bin;C:\Program Files\Git\cmd;C:\Program Files\Java\jdk-17.0.5\bin;C:\Program Files\Java\jdk-17.0.5\bin\server\;C:\Program Files\nodejs\;C:\WINDOWS\system32;C:\WINDOWS;C:\WINDOWS\System32\Wbem;C:\WINDOWS\System32\WindowsPowerShell\v1.0\;C:\WINDOWS\System32\OpenSSH\;C:\Program Files\MySQL\MySQL Shell 8.0\bin\;C:\Users\°íµ¿¹Î\AppData\Local\Programs\Python\Python310\Scripts\;C:\Users\°íµ¿¹Î\AppData\Local\Programs\Python\Python310\;C:\Users\°íµ¿¹Î\AppData\Local\Microsoft\WindowsApps;C:\Program Files\Bandizip\;C:\Users\°íµ¿¹Î\AppData\Local\Programs\Microsoft VS Code\bin;C:\Users\°íµ¿¹Î\.dotnet\tools;C:\Users\°íµ¿¹Î\AppData\Local\GitHubDesktop\bin;C:\Program Files\MySQL\MySQL Server 8.0\bin;C:\Users\°íµ¿¹Î\AppData\Roaming\npm
USERNAME=°íµ¿¹Î
OS=Windows_NT
PROCESSOR_IDENTIFIER=AMD64 Family 25 Model 33 Stepping 0, AuthenticAMD



---------------  S Y S T E M  ---------------

OS:
 Windows 11 , 64 bit Build 22621 (10.0.22621.2215)
OS uptime: 9 days 2:28 hours

CPU: total 24 (initial active 24) (24 cores per cpu, 2 threads per core) family 25 model 33 stepping 0 microcode 0x0, cx8, cmov, fxsr, ht, mmx, 3dnowpref, sse, sse2, sse3, ssse3, sse4a, sse4.1, sse4.2, popcnt, lzcnt, tsc, tscinvbit, avx, avx2, aes, erms, clmul, bmi1, bmi2, adx, sha, fma, vzeroupper, clflush, clflushopt

Memory: 4k page, system-wide physical 16270M (4412M free)
TotalPageFile size 65422M (AvailPageFile size 81M)
current process WorkingSet (physical memory assigned to process): 11M, peak: 11M
current process commit charge ("private bytes"): 76M, peak: 332M

vm_info: Java HotSpot(TM) 64-Bit Server VM (17.0.5+9-LTS-191) for windows-amd64 JRE (17.0.5+9-LTS-191), built on Sep 13 2022 17:31:43 by "mach5one" with MS VC++ 16.8 / 16.9 (VS2019)

END.
